2021-01-04 08:00:00,556 - mylogger - INFO - SMA fast is nan, SMA slow is nan
2021-01-04 08:01:00,755 - mylogger - INFO - SMA fast is nan, SMA slow is nan
2021-01-04 08:02:00,544 - mylogger - INFO - SMA fast is nan, SMA slow is nan
2021-01-04 08:03:00,486 - mylogger - INFO - SMA fast is nan, SMA slow is nan
2021-01-04 08:04:00,488 - mylogger - INFO - SMA fast is nan, SMA slow is nan
2021-01-04 08:05:00,604 - mylogger - INFO - SMA fast is nan, SMA slow is nan
2021-01-04 08:06:00,510 - mylogger - INFO - SMA fast is nan, SMA slow is nan
2021-01-04 08:07:01,225 - mylogger - INFO - SMA fast is nan, SMA slow is nan
2021-01-04 08:08:00,795 - mylogger - INFO - SMA fast is nan, SMA slow is nan
2021-01-04 08:09:00,599 - mylogger - INFO - SMA fast is 0.0323827, SMA slow is nan
2021-01-04 08:10:00,550 - mylogger - INFO - SMA fast is 0.0323554, SMA slow is nan
2021-01-04 08:11:00,610 - mylogger - INFO - SMA fast is 0.0323363, SMA slow is nan
2021-01-04 08:12:00,483 - mylogger - INFO - SMA fast is 0.0323142, SMA slow is nan
2021-01-04 08:13:00,938 - mylogger - INFO - SMA fast is 0.0323084, SMA slow is nan
2021-01-04 08:14:00,590 - mylogger - INFO - SMA fast is 0.0323074, SMA slow is nan
2021-01-04 08:15:00,625 - mylogger - INFO - SMA fast is 0.03232039999999999, SMA slow is nan
2021-01-04 08:16:00,798 - mylogger - INFO - SMA fast is 0.0323095, SMA slow is nan
2021-01-04 08:17:00,976 - mylogger - INFO - SMA fast is 0.0322823, SMA slow is nan
2021-01-04 08:18:00,884 - mylogger - INFO - SMA fast is 0.0322685, SMA slow is nan
2021-01-04 08:19:00,892 - mylogger - INFO - SMA fast is 0.032228900000000005, SMA slow is nan
2021-01-04 08:20:00,881 - mylogger - INFO - SMA fast is 0.0321895, SMA slow is nan
2021-01-04 08:21:01,036 - mylogger - INFO - SMA fast is 0.0321617, SMA slow is nan
2021-01-04 08:22:00,571 - mylogger - INFO - SMA fast is 0.032149300000000006, SMA slow is nan
2021-01-04 08:23:00,551 - mylogger - INFO - SMA fast is 0.032140100000000005, SMA slow is nan
2021-01-04 08:24:01,123 - mylogger - INFO - SMA fast is 0.032118200000000006, SMA slow is nan
2021-01-04 08:25:00,711 - mylogger - INFO - SMA fast is 0.03209840000000001, SMA slow is nan
2021-01-04 08:26:00,504 - mylogger - INFO - SMA fast is 0.032097200000000006, SMA slow is nan
2021-01-04 08:27:00,496 - mylogger - INFO - SMA fast is 0.03211950000000001, SMA slow is nan
2021-01-04 08:28:00,485 - mylogger - INFO - SMA fast is 0.03212730000000001, SMA slow is nan
2021-01-04 08:29:00,657 - mylogger - INFO - SMA fast is 0.032143500000000005, SMA slow is 0.0322517
2021-01-04 08:30:00,552 - mylogger - INFO - SMA fast is 0.0321706, SMA slow is 0.0322385
2021-01-04 08:31:00,474 - mylogger - INFO - SMA fast is 0.032173600000000004, SMA slow is 0.03222386666666667
2021-01-04 08:32:00,480 - mylogger - INFO - SMA fast is 0.03217160000000001, SMA slow is 0.0322117
2021-01-04 08:33:00,555 - mylogger - INFO - SMA fast is 0.0321578, SMA slow is 0.032202100000000004
2021-01-04 08:34:00,480 - mylogger - INFO - SMA fast is 0.032161300000000004, SMA slow is 0.03219563333333334
2021-01-04 08:35:00,614 - mylogger - INFO - SMA fast is 0.032158900000000004, SMA slow is 0.03219256666666667
2021-01-04 08:36:00,559 - mylogger - INFO - SMA fast is 0.0321563, SMA slow is 0.03218766666666668
2021-01-04 08:37:01,112 - mylogger - INFO - SMA fast is 0.03213989999999999, SMA slow is 0.032180566666666674
2021-01-04 08:38:00,896 - mylogger - INFO - SMA fast is 0.032126699999999994, SMA slow is 0.03217416666666668
2021-01-04 08:39:03,806 - mylogger - INFO - SMA fast is 0.032121, SMA slow is 0.032164466666666676
2021-01-04 08:40:01,834 - mylogger - INFO - SMA fast is 0.0321131, SMA slow is 0.03215773333333334
2021-01-04 08:41:01,897 - mylogger - INFO - SMA fast is 0.0321193, SMA slow is 0.032151533333333336
2021-01-04 08:42:01,338 - mylogger - INFO - SMA fast is 0.0321196, SMA slow is 0.03214683333333333
2021-01-04 08:43:00,617 - mylogger - INFO - SMA fast is 0.0321272, SMA slow is 0.0321417
2021-01-04 08:44:00,528 - mylogger - INFO - SMA fast is 0.032126, SMA slow is 0.032135166666666666
2021-01-04 08:45:00,803 - mylogger - INFO - SMA fast is 0.0321234, SMA slow is 0.0321269
2021-01-04 08:46:00,716 - mylogger - INFO - SMA fast is 0.03211390000000001, SMA slow is 0.03212246666666666
2021-01-04 08:47:01,327 - mylogger - INFO - SMA fast is 0.03209590000000001, SMA slow is 0.03211843333333333
2021-01-04 08:48:01,832 - mylogger - INFO - SMA fast is 0.03207870000000001, SMA slow is 0.03211089999999999
2021-01-04 08:49:00,499 - mylogger - INFO - SMA fast is 0.03206550000000001, SMA slow is 0.03210999999999999
2021-01-04 08:50:00,658 - mylogger - INFO - SMA fast is 0.032053800000000014, SMA slow is 0.032112499999999995
2021-01-04 08:51:01,601 - mylogger - INFO - SMA fast is 0.03205570000000001, SMA slow is 0.03211619999999999
2021-01-04 08:52:00,640 - mylogger - INFO - SMA fast is 0.032064400000000014, SMA slow is 0.032118533333333324
2021-01-04 08:53:00,714 - mylogger - INFO - SMA fast is 0.03207470000000001, SMA slow is 0.032119899999999986
2021-01-04 08:54:01,050 - mylogger - INFO - SMA fast is 0.032079400000000015, SMA slow is 0.03212223333333332
2021-01-04 08:55:00,596 - mylogger - INFO - SMA fast is 0.03208510000000001, SMA slow is 0.032122466666666655
2021-01-04 08:56:00,658 - mylogger - INFO - SMA fast is 0.03209060000000001, SMA slow is 0.032120266666666654
2021-01-04 08:57:00,516 - mylogger - INFO - SMA fast is 0.0321067, SMA slow is 0.03211416666666666
2021-01-04 08:58:00,809 - mylogger - INFO - SMA fast is 0.03213220000000001, SMA slow is 0.032112533333333325
2021-01-04 08:58:00,811 - mylogger - INFO - Go into market signal
2021-01-04 08:58:01,149 - mylogger - INFO - Buy order {}
2021-01-04 08:58:01,707 - mylogger - INFO - position status is 1
2021-01-04 08:59:00,879 - mylogger - INFO - SMA fast is 0.0321545, SMA slow is 0.03211366666666666
2021-01-04 09:00:01,838 - mylogger - INFO - SMA fast is 0.0321713, SMA slow is 0.032112733333333324
2021-01-04 09:01:00,827 - mylogger - INFO - SMA fast is 0.0321764, SMA slow is 0.03211713333333332
2021-01-04 09:02:00,835 - mylogger - INFO - SMA fast is 0.0321828, SMA slow is 0.032122266666666656
2021-01-04 09:03:01,081 - mylogger - INFO - SMA fast is 0.032187200000000006, SMA slow is 0.03212969999999999
2021-01-04 09:04:00,512 - mylogger - INFO - SMA fast is 0.03218370000000001, SMA slow is 0.03212969999999999
2021-01-04 09:05:01,221 - mylogger - INFO - SMA fast is 0.03218280000000001, SMA slow is 0.03213043333333332
2021-01-04 09:06:00,569 - mylogger - INFO - SMA fast is 0.03217800000000001, SMA slow is 0.03212749999999998
2021-01-04 09:07:00,521 - mylogger - INFO - SMA fast is 0.03216520000000002, SMA slow is 0.03212259999999998
2021-01-04 09:08:01,182 - mylogger - INFO - SMA fast is 0.032135600000000014, SMA slow is 0.032115499999999984
2021-01-04 09:09:01,233 - mylogger - INFO - SMA fast is 0.03210460000000002, SMA slow is 0.03210819999999998
2021-01-04 09:09:01,236 - mylogger - INFO - Exit market signal
2021-01-04 09:09:01,547 - mylogger - INFO - Sell order {}
2021-01-04 09:09:02,111 - mylogger - INFO - position status is 0
2021-01-04 09:10:00,487 - mylogger - INFO - SMA fast is 0.032069500000000015, SMA slow is 0.032098199999999986
2021-01-04 09:11:00,925 - mylogger - INFO - SMA fast is 0.03204020000000002, SMA slow is 0.03209076666666665
2021-01-04 09:12:01,373 - mylogger - INFO - SMA fast is 0.03200780000000002, SMA slow is 0.03208499999999999
2021-01-04 09:13:00,768 - mylogger - INFO - SMA fast is 0.031973700000000015, SMA slow is 0.03207853333333332
2021-01-04 09:14:00,860 - mylogger - INFO - SMA fast is 0.03194820000000002, SMA slow is 0.03207043333333332
2021-01-04 09:15:01,667 - mylogger - INFO - SMA fast is 0.031913600000000014, SMA slow is 0.032060499999999985
2021-01-04 09:16:00,593 - mylogger - INFO - SMA fast is 0.03191130000000002, SMA slow is 0.03205996666666665
2021-01-04 09:17:00,458 - mylogger - INFO - SMA fast is 0.031911900000000014, SMA slow is 0.03206126666666665
2021-01-04 09:18:00,677 - mylogger - INFO - SMA fast is 0.031928300000000014, SMA slow is 0.03206536666666666
2021-01-04 09:19:01,920 - mylogger - INFO - SMA fast is 0.03194630000000002, SMA slow is 0.032068466666666656
2021-01-04 09:20:01,152 - mylogger - INFO - SMA fast is 0.03196220000000001, SMA slow is 0.032067666666666654
2021-01-04 09:21:00,703 - mylogger - INFO - SMA fast is 0.03197170000000001, SMA slow is 0.03206276666666666
2021-01-04 09:22:00,873 - mylogger - INFO - SMA fast is 0.031988700000000016, SMA slow is 0.03205976666666666
2021-01-04 09:23:00,493 - mylogger - INFO - SMA fast is 0.03199830000000002, SMA slow is 0.03205306666666666
2021-01-04 09:24:00,667 - mylogger - INFO - SMA fast is 0.03201750000000002, SMA slow is 0.032049799999999996
2021-01-04 09:25:00,871 - mylogger - INFO - SMA fast is 0.03203850000000001, SMA slow is 0.03204496666666666
2021-01-04 09:26:01,175 - mylogger - INFO - SMA fast is 0.03203070000000001, SMA slow is 0.03204
2021-01-04 09:27:00,444 - mylogger - INFO - SMA fast is 0.032041000000000014, SMA slow is 0.032039366666666666
2021-01-04 09:27:00,446 - mylogger - INFO - Go into market signal
2021-01-04 09:27:00,794 - mylogger - INFO - Buy order {}
2021-01-04 09:27:01,333 - mylogger - INFO - position status is 1
2021-01-04 09:28:01,296 - mylogger - INFO - SMA fast is 0.032040300000000015, SMA slow is 0.03203473333333333
2021-01-04 09:29:00,604 - mylogger - INFO - SMA fast is 0.03204680000000002, SMA slow is 0.032032566666666665
2021-01-04 09:30:00,498 - mylogger - INFO - SMA fast is 0.032056600000000025, SMA slow is 0.03202943333333333
2021-01-04 09:31:00,496 - mylogger - INFO - SMA fast is 0.03207380000000003, SMA slow is 0.03202856666666666
2021-01-04 09:32:00,557 - mylogger - INFO - SMA fast is 0.03208110000000002, SMA slow is 0.03202586666666666
2021-01-04 09:33:00,626 - mylogger - INFO - SMA fast is 0.03209860000000002, SMA slow is 0.032023533333333326
2021-01-04 09:34:00,634 - mylogger - INFO - SMA fast is 0.03210540000000002, SMA slow is 0.032023699999999995
2021-01-04 09:35:00,859 - mylogger - INFO - SMA fast is 0.03211490000000002, SMA slow is 0.03202233333333333
2021-01-04 09:36:00,612 - mylogger - INFO - SMA fast is 0.032130200000000025, SMA slow is 0.03202406666666666
2021-01-04 09:37:00,513 - mylogger - INFO - SMA fast is 0.032131400000000025, SMA slow is 0.0320281
2021-01-04 09:38:00,539 - mylogger - INFO - SMA fast is 0.03211900000000002, SMA slow is 0.032029199999999994
2021-01-04 09:39:00,601 - mylogger - INFO - SMA fast is 0.03210440000000002, SMA slow is 0.03203249999999999
2021-01-04 09:40:00,673 - mylogger - INFO - SMA fast is 0.03209350000000002, SMA slow is 0.03203743333333332
2021-01-04 09:41:00,631 - mylogger - INFO - SMA fast is 0.03207770000000002, SMA slow is 0.03204106666666665
2021-01-04 09:42:01,020 - mylogger - INFO - SMA fast is 0.03206820000000002, SMA slow is 0.03204599999999999
2021-01-04 09:43:01,003 - mylogger - INFO - SMA fast is 0.03205680000000002, SMA slow is 0.032051233333333325
2021-01-04 09:44:00,467 - mylogger - INFO - SMA fast is 0.03205080000000002, SMA slow is 0.03205789999999999
2021-01-04 09:44:00,469 - mylogger - INFO - Exit market signal
2021-01-04 09:44:00,774 - mylogger - INFO - Sell order {}
2021-01-04 09:44:01,311 - mylogger - INFO - position status is 0
2021-01-04 09:45:00,851 - mylogger - INFO - SMA fast is 0.03204790000000002, SMA slow is 0.032067099999999994
